Performing C++ SOURCE FILE Test CMAKE_HAVE_LIBC_PTHREAD failed with the following output:
Change Dir: /mnt/c/Users/Sarah/git/logicblocks/build/CMakeFiles/CMakeTmp

Run Build Command(s):/usr/bin/ninja cmTC_8d6f0 && [1/2] Building CXX object CMakeFiles/cmTC_8d6f0.dir/src.cxx.o
[2/2] Linking CXX executable cmTC_8d6f0
FAILED: cmTC_8d6f0 
: && /bin/clang++-12  -DCMAKE_HAVE_LIBC_PTHREAD   CMakeFiles/cmTC_8d6f0.dir/src.cxx.o  -o cmTC_8d6f0   && :
/bin/ld: CMakeFiles/cmTC_8d6f0.dir/src.cxx.o: in function `main':
src.cxx:(.text+0x35): undefined reference to `pthread_create'
/bin/ld: src.cxx:(.text+0x3e): undefined reference to `pthread_detach'
/bin/ld: src.cxx:(.text+0x4b): undefined reference to `pthread_join'
clang: error: linker command failed with exit code 1 (use -v to see invocation)
ninja: build stopped: subcommand failed.


Source file was:
#include <pthread.h>

void* test_func(void* data)
{
  return data;
}

int main(void)
{
  pthread_t thread;
  pthread_create(&thread, NULL, test_func, NULL);
  pthread_detach(thread);
  pthread_join(thread, NULL);
  pthread_atfork(NULL, NULL, NULL);
  pthread_exit(NULL);

  return 0;
}

Determining if the function pthread_create exists in the pthreads failed with the following output:
Change Dir: /mnt/c/Users/Sarah/git/logicblocks/build/CMakeFiles/CMakeTmp

Run Build Command(s):/usr/bin/ninja cmTC_fbcaf && [1/2] Building CXX object CMakeFiles/cmTC_fbcaf.dir/CheckFunctionExists.cxx.o
[2/2] Linking CXX executable cmTC_fbcaf
FAILED: cmTC_fbcaf 
: && /bin/clang++-12  -DCHECK_FUNCTION_EXISTS=pthread_create   CMakeFiles/cmTC_fbcaf.dir/CheckFunctionExists.cxx.o  -o cmTC_fbcaf  -lpthreads && :
/bin/ld: cannot find -lpthreads
clang: error: linker command failed with exit code 1 (use -v to see invocation)
ninja: build stopped: subcommand failed.



